# ERP Smart System — application error log (append-only; details written on uncaught exceptions).

========================================================================
2026-04-25T02:37:07
TypeError: Invalid value '1.16' for dtype 'int64'
Traceback (most recent call last):
  File "C:\Users\amiko\AppData\Local\Python\pythoncore-3.14-64\Lib\site-packages\pandas\core\frame.py", line 4911, in _set_value
    self._mgr.column_setitem(icol, iindex, value, inplace_only=True)
    ~~~~~~~~~~~~~~~~~~~~~~~~^^^^^^^^^^^^^^^^^^^^^^^^^^^^^^^^^^^^^^^^
  File "C:\Users\amiko\AppData\Local\Python\pythoncore-3.14-64\Lib\site-packages\pandas\core\internals\managers.py", line 1518, in column_setitem
    col_mgr.setitem_inplace(idx, value)
    ~~~~~~~~~~~~~~~~~~~~~~~^^^^^^^^^^^^
  File "C:\Users\amiko\AppData\Local\Python\pythoncore-3.14-64\Lib\site-packages\pandas\core\internals\managers.py", line 2220, in setitem_inplace
    value = np_can_hold_element(arr.dtype, value)
  File "C:\Users\amiko\AppData\Local\Python\pythoncore-3.14-64\Lib\site-packages\pandas\core\dtypes\cast.py", line 1750, in np_can_hold_element
    raise LossySetitemError
pandas.errors.LossySetitemError

During handling of the above exception, another exception occurred:

Traceback (most recent call last):
  File "C:\Users\amiko\AppData\Local\Python\pythoncore-3.14-64\Lib\site-packages\pandas\core\internals\blocks.py", line 1115, in setitem
    casted = np_can_hold_element(values.dtype, value)
  File "C:\Users\amiko\AppData\Local\Python\pythoncore-3.14-64\Lib\site-packages\pandas\core\dtypes\cast.py", line 1750, in np_can_hold_element
    raise LossySetitemError
pandas.errors.LossySetitemError

During handling of the above exception, another exception occurred:

Traceback (most recent call last):
  File "C:\my_app\app.py", line 5285, in <module>
    _run_main_app_after_login()
    ~~~~~~~~~~~~~~~~~~~~~~~~~^^
  File "C:\my_app\app.py", line 3868, in _run_main_app_after_login
    summary = run_thirty_day_business_simulation(progress_callback=_tick)
  File "C:\my_app\app.py", line 2591, in run_thirty_day_business_simulation
    df = ensure_product_row(df, sn, pn, int(add), cp, sp)
  File "C:\my_app\app.py", line 2234, in ensure_product_row
    df.at[idx, "Cost_Price"] = cost_price
    ~~~~~^^^^^^^^^^^^^^^^^^^
  File "C:\Users\amiko\AppData\Local\Python\pythoncore-3.14-64\Lib\site-packages\pandas\core\indexing.py", line 2592, in __setitem__
    return super().__setitem__(key, value)
           ~~~~~~~~~~~~~~~~~~~^^^^^^^^^^^^
  File "C:\Users\amiko\AppData\Local\Python\pythoncore-3.14-64\Lib\site-packages\pandas\core\indexing.py", line 2542, in __setitem__
    self.obj._set_value(*key, value=value, takeable=self._takeable)
    ~~~~~~~~~~~~~~~~~~~^^^^^^^^^^^^^^^^^^^^^^^^^^^^^^^^^^^^^^^^^^^^
  File "C:\Users\amiko\AppData\Local\Python\pythoncore-3.14-64\Lib\site-packages\pandas\core\frame.py", line 4922, in _set_value
    self.loc[index, col] = value
    ~~~~~~~~^^^^^^^^^^^^
  File "C:\Users\amiko\AppData\Local\Python\pythoncore-3.14-64\Lib\site-packages\pandas\core\indexing.py", line 938, in __setitem__
    iloc._setitem_with_indexer(indexer, value, self.name)
    ~~~~~~~~~~~~~~~~~~~~~~~~~~^^^^^^^^^^^^^^^^^^^^^^^^^^^
  File "C:\Users\amiko\AppData\Local\Python\pythoncore-3.14-64\Lib\site-packages\pandas\core\indexing.py", line 1953, in _setitem_with_indexer
    self._setitem_with_indexer_split_path(indexer, value, name)
    ~~~~~~~~~~~~~~~~~~~~~~~~~~~~~~~~~~~~~^^^^^^^^^^^^^^^^^^^^^^
  File "C:\Users\amiko\AppData\Local\Python\pythoncore-3.14-64\Lib\site-packages\pandas\core\indexing.py", line 2044, in _setitem_with_indexer_split_path
    self._setitem_single_column(loc, value, pi)
    ~~~~~~~~~~~~~~~~~~~~~~~~~~~^^^^^^^^^^^^^^^^
  File "C:\Users\amiko\AppData\Local\Python\pythoncore-3.14-64\Lib\site-packages\pandas\core\indexing.py", line 2181, in _setitem_single_column
    self.obj._mgr.column_setitem(loc, plane_indexer, value)
    ~~~~~~~~~~~~~~~~~~~~~~~~~~~~^^^^^^^^^^^^^^^^^^^^^^^^^^^
  File "C:\Users\amiko\AppData\Local\Python\pythoncore-3.14-64\Lib\site-packages\pandas\core\internals\managers.py", line 1520, in column_setitem
    new_mgr = col_mgr.setitem((idx,), value)
  File "C:\Users\amiko\AppData\Local\Python\pythoncore-3.14-64\Lib\site-packages\pandas\core\internals\managers.py", line 604, in setitem
    return self.apply("setitem", indexer=indexer, value=value)
           ~~~~~~~~~~^^^^^^^^^^^^^^^^^^^^^^^^^^^^^^^^^^^^^^^^^
  File "C:\Users\amiko\AppData\Local\Python\pythoncore-3.14-64\Lib\site-packages\pandas\core\internals\managers.py", line 442, in apply
    applied = getattr(b, f)(**kwargs)
  File "C:\Users\amiko\AppData\Local\Python\pythoncore-3.14-64\Lib\site-packages\pandas\core\internals\blocks.py", line 1118, in setitem
    nb = self.coerce_to_target_dtype(value, raise_on_upcast=True)
  File "C:\Users\amiko\AppData\Local\Python\pythoncore-3.14-64\Lib\site-packages\pandas\core\internals\blocks.py", line 468, in coerce_to_target_dtype
    raise TypeError(f"Invalid value '{other}' for dtype '{self.values.dtype}'")
TypeError: Invalid value '1.16' for dtype 'int64'

